#
# There is insufficient memory for the Java Runtime Environment to continue.
# Native memory allocation (malloc) failed to allocate 131088 bytes for Chunk::new
# Possible reasons:
#   The system is out of physical RAM or swap space
#   In 32 bit mode, the process size limit was hit
# Possible solutions:
#   Reduce memory load on the system
#   Increase physical memory or swap space
#   Check if swap backing store is full
#   Use 64 bit Java on a 64 bit OS
#   Decrease Java heap size (-Xmx/-Xms)
#   Decrease number of Java threads
#   Decrease Java thread stack sizes (-Xss)
#   Set larger code cache with -XX:ReservedCodeCacheSize=
# This output file may be truncated or incomplete.
#
#  Out of Memory Error (allocation.cpp:390), pid=1144, tid=8180
#
# JRE version: Java(TM) SE Runtime Environment (8.0_31-b13) (build 1.8.0_31-b13)
# Java VM: Java HotSpot(TM) 64-Bit Server VM (25.31-b07 mixed mode windows-amd64 compressed oops)
# Failed to write core dump. Minidumps are not enabled by default on client versions of Windows
#

---------------  T H R E A D  ---------------

Current thread (0x0000000014cf0000):  JavaThread "C2 CompilerThread1" daemon [_thread_in_native, id=8180, stack(0x0000000016370000,0x0000000016470000)]

Stack: [0x0000000016370000,0x0000000016470000]
Native frames: (J=compiled Java code, j=interpreted, Vv=VM code, C=native code)
V  [jvm.dll+0x3169ba]


Current CompileTask:
C2:   1500 1982       4       com.android.dex.EncodedValueReader::skipValue (348 bytes)


---------------  P R O C E S S  ---------------

Java Threads: ( => current thread )
  0x0000000014d4e800 JavaThread "Service Thread" daemon [_thread_blocked, id=9348, stack(0x0000000016970000,0x0000000016a70000)]
  0x0000000014cf7000 JavaThread "C1 CompilerThread2" daemon [_thread_blocked, id=8736, stack(0x0000000016470000,0x0000000016570000)]
=>0x0000000014cf0000 JavaThread "C2 CompilerThread1" daemon [_thread_in_native, id=8180, stack(0x0000000016370000,0x0000000016470000)]
  0x0000000014cee000 JavaThread "C2 CompilerThread0" daemon [_thread_in_native, id=10780, stack(0x0000000016270000,0x0000000016370000)]
  0x0000000014ceb000 JavaThread "Attach Listener" daemon [_thread_blocked, id=7920, stack(0x0000000016170000,0x0000000016270000)]
  0x0000000014cea000 JavaThread "Signal Dispatcher" daemon [_thread_blocked, id=11080, stack(0x0000000016070000,0x0000000016170000)]
  0x0000000002617000 JavaThread "Finalizer" daemon [_thread_blocked, id=11208, stack(0x0000000015f70000,0x0000000016070000)]
  0x000000000260e800 JavaThread "Reference Handler" daemon [_thread_blocked, id=3832, stack(0x0000000015e70000,0x0000000015f70000)]
  0x00000000024cd800 JavaThread "main" [_thread_in_Java, id=10356, stack(0x0000000002320000,0x0000000002420000)]

Other Threads:
  0x0000000014cb5000 VMThread [stack: 0x0000000015d70000,0x0000000015e70000] [id=4560]
  0x00000000165a3000 WatcherThread [stack: 0x0000000016a70000,0x0000000016b70000] [id=5540]

VM state:not at safepoint (normal execution)

VM Mutex/Monitor currently owned by a thread: None

Heap:
 PSYoungGen      total 38400K, used 13822K [0x00000000eab00000, 0x00000000ed580000, 0x0000000100000000)
  eden space 33280K, 26% used [0x00000000eab00000,0x00000000eb3854e0,0x00000000ecb80000)
  from space 5120K, 99% used [0x00000000ed080000,0x00000000ed57a4f8,0x00000000ed580000)
  to   space 5120K, 0% used [0x00000000ecb80000,0x00000000ecb80000,0x00000000ed080000)
 ParOldGen       total 87552K, used 7752K [0x00000000c0000000, 0x00000000c5580000, 0x00000000eab00000)
  object space 87552K, 8% used [0x00000000c0000000,0x00000000c07923a8,0x00000000c5580000)
 Metaspace       used 7006K, capacity 7768K, committed 7936K, reserved 1056768K
  class space    used 698K, capacity 720K, committed 768K, reserved 1048576K

Card table byte_map: [0x00000000119e0000,0x0000000011bf0000] byte_map_base: 0x00000000113e0000

Marking Bits: (ParMarkBitMap*) 0x000000005a4ad4f0
 Begin Bits: [0x0000000012150000, 0x0000000013150000)
 End Bits:   [0x0000000013150000, 0x0000000014150000)

Polling page: 0x00000000009e0000

CodeCache: size=245760Kb used=6592Kb max_used=6596Kb free=239167Kb
 bounds [0x0000000002620000, 0x0000000002ca0000, 0x0000000011620000]
 total_blobs=2315 nmethods=2032 adapters=197
 compilation: enabled

Compilation events (10 events):
Event: 1.486 Thread 0x0000000014cf7000 2045       3       com.android.dex.Dex$Section::readCatchHandlers (56 bytes)
Event: 1.487 Thread 0x0000000014cf7000 nmethod 2045 0x0000000002c93b50 code [0x0000000002c93d00, 0x0000000002c94378]
Event: 1.487 Thread 0x0000000014cf7000 2046       3       com.android.dex.Dex$Section::readTries (66 bytes)
Event: 1.487 Thread 0x0000000014cf7000 nmethod 2046 0x0000000002c92790 code [0x0000000002c92980, 0x0000000002c93598]
Event: 1.488 Thread 0x0000000014cee000 nmethod 2030 0x0000000002c8d1d0 code [0x0000000002c8d320, 0x0000000002c8d518]
Event: 1.488 Thread 0x0000000014cee000 2008       4       java.nio.ByteBuffer::<init> (45 bytes)
Event: 1.490 Thread 0x0000000014cee000 nmethod 2008 0x0000000002c86b50 code [0x0000000002c86ca0, 0x0000000002c86dd8]
Event: 1.490 Thread 0x0000000014cee000 2013       4       java.nio.ByteBuffer::order (48 bytes)
Event: 1.490 Thread 0x0000000014cee000 nmethod 2013 0x0000000002c4d450 code [0x0000000002c4d580, 0x0000000002c4d618]
Event: 1.490 Thread 0x0000000014cee000 2018       4       java.nio.HeapByteBuffer::duplicate (32 bytes)

GC Heap History (4 events):
Event: 1.040 GC heap before
{Heap before GC invocations=1 (full 0):
 PSYoungGen      total 38400K, used 33280K [0x00000000eab00000, 0x00000000ed580000, 0x0000000100000000)
  eden space 33280K, 100% used [0x00000000eab00000,0x00000000ecb80000,0x00000000ecb80000)
  from space 5120K, 0% used [0x00000000ed080000,0x00000000ed080000,0x00000000ed580000)
  to   space 5120K, 0% used [0x00000000ecb80000,0x00000000ecb80000,0x00000000ed080000)
 ParOldGen       total 87552K, used 0K [0x00000000c0000000, 0x00000000c5580000, 0x00000000eab00000)
  object space 87552K, 0% used [0x00000000c0000000,0x00000000c0000000,0x00000000c5580000)
 Metaspace       used 5831K, capacity 7088K, committed 7296K, reserved 1056768K
  class space    used 573K, capacity 616K, committed 640K, reserved 1048576K
Event: 1.050 GC heap after
Heap after GC invocations=1 (full 0):
 PSYoungGen      total 38400K, used 5088K [0x00000000eab00000, 0x00000000ed580000, 0x0000000100000000)
  eden space 33280K, 0% used [0x00000000eab00000,0x00000000eab00000,0x00000000ecb80000)
  from space 5120K, 99% used [0x00000000ecb80000,0x00000000ed078340,0x00000000ed080000)
  to   space 5120K, 0% used [0x00000000ed080000,0x00000000ed080000,0x00000000ed580000)
 ParOldGen       total 87552K, used 1392K [0x00000000c0000000, 0x00000000c5580000, 0x00000000eab00000)
  object space 87552K, 1% used [0x00000000c0000000,0x00000000c015c150,0x00000000c5580000)
 Metaspace       used 5831K, capacity 7088K, committed 7296K, reserved 1056768K
  class space    used 573K, capacity 616K, committed 640K, reserved 1048576K
}
Event: 1.461 GC heap before
{Heap before GC invocations=2 (full 0):
 PSYoungGen      total 38400K, used 38368K [0x00000000eab00000, 0x00000000ed580000, 0x0000000100000000)
  eden space 33280K, 100% used [0x00000000eab00000,0x00000000ecb80000,0x00000000ecb80000)
  from space 5120K, 99% used [0x00000000ecb80000,0x00000000ed078340,0x00000000ed080000)
  to   space 5120K, 0% used [0x00000000ed080000,0x00000000ed080000,0x00000000ed580000)
 ParOldGen       total 87552K, used 1392K [0x00000000c0000000, 0x00000000c5580000, 0x00000000eab00000)
  object space 87552K, 1% used [0x00000000c0000000,0x00000000c015c150,0x00000000c5580000)
 Metaspace       used 6995K, capacity 7768K, committed 7936K, reserved 1056768K
  class space    used 698K, capacity 720K, committed 768K, reserved 1048576K
Event: 1.469 GC heap after
Heap after GC invocations=2 (full 0):
 PSYoungGen      total 38400K, used 5097K [0x00000000eab00000, 0x00000000ed580000, 0x0000000100000000)
  eden space 33280K, 0% used [0x00000000eab00000,0x00000000eab00000,0x00000000ecb80000)
  from space 5120K, 99% used [0x00000000ed080000,0x00000000ed57a4f8,0x00000000ed580000)
  to   space 5120K, 0% used [0x00000000ecb80000,0x00000000ecb80000,0x00000000ed080000)
 ParOldGen       total 87552K, used 7752K [0x00000000c0000000, 0x00000000c5580000, 0x00000000eab00000)
  object space 87552K, 8% used [0x00000000c0000000,0x00000000c07923a8,0x00000000c5580000)
 Metaspace       used 6995K, capacity 7768K, committed 7936K, reserved 1056768K
  class space    used 698K, capacity 720K, committed 768K, reserved 1048576K
}

Deoptimization events (10 events):
Event: 0.979 Thread 0x00000000024cd800 Uncommon trap: reason=class_check action=maybe_recompile pc=0x0000000002a1d368 method=java.util.Arrays.equals([Ljava/lang/Object;[Ljava/lang/Object;)Z @ 62
Event: 1.061 Thread 0x00000000024cd800 Uncommon trap: reason=unreached action=reinterpret pc=0x00000000029ac868 method=java.util.Arrays.copyOf([Ljava/lang/Object;ILjava/lang/Class;)[Ljava/lang/Object; @ 3
Event: 1.065 Thread 0x00000000024cd800 Uncommon trap: reason=class_check action=maybe_recompile pc=0x0000000002a9079c method=java.util.HashMap.putVal(ILjava/lang/Object;Ljava/lang/Object;ZZ)Ljava/lang/Object; @ 56
Event: 1.065 Thread 0x00000000024cd800 Uncommon trap: reason=class_check action=maybe_recompile pc=0x0000000002a907f0 method=java.util.HashMap.putVal(ILjava/lang/Object;Ljava/lang/Object;ZZ)Ljava/lang/Object; @ 152
Event: 1.065 Thread 0x00000000024cd800 Uncommon trap: reason=class_check action=maybe_recompile pc=0x0000000002a9079c method=java.util.HashMap.putVal(ILjava/lang/Object;Ljava/lang/Object;ZZ)Ljava/lang/Object; @ 56
Event: 1.065 Thread 0x00000000024cd800 Uncommon trap: reason=class_check action=maybe_recompile pc=0x0000000002a9079c method=java.util.HashMap.putVal(ILjava/lang/Object;Ljava/lang/Object;ZZ)Ljava/lang/Object; @ 56
Event: 1.067 Thread 0x00000000024cd800 Uncommon trap: reason=bimorphic action=maybe_recompile pc=0x000000000283a2a4 method=java.util.HashMap.getNode(ILjava/lang/Object;)Ljava/util/HashMap$Node; @ 126
Event: 1.156 Thread 0x00000000024cd800 Uncommon trap: reason=unreached action=reinterpret pc=0x0000000002a8c71c method=java.util.HashMap.getNode(ILjava/lang/Object;)Ljava/util/HashMap$Node; @ 84
Event: 1.232 Thread 0x00000000024cd800 Uncommon trap: reason=predicate action=maybe_recompile pc=0x0000000002b987c8 method=com.android.dex.Leb128.readUnsignedLeb128(Lcom/android/dex/util/ByteInput;)I @ 41
Event: 1.238 Thread 0x00000000024cd800 Uncommon trap: reason=unreached action=reinterpret pc=0x0000000002b17d78 method=java.util.HashMap.putVal(ILjava/lang/Object;Ljava/lang/Object;ZZ)Ljava/lang/Object; @ 109

Internal exceptions (10 events):
Event: 1.177 Thread 0x00000000024cd800 Exception <a 'java/security/PrivilegedActionException'> (0x00000000eada7138) thrown at [C:\workspace\8-2-build-windows-amd64-cygwin\jdk8u31\2394\hotspot\src\share\vm\prims\jvm.cpp, line 1312]
Event: 1.177 Thread 0x00000000024cd800 Exception <a 'java/security/PrivilegedActionException'> (0x00000000eadaa1c0) thrown at [C:\workspace\8-2-build-windows-amd64-cygwin\jdk8u31\2394\hotspot\src\share\vm\prims\jvm.cpp, line 1312]
Event: 1.177 Thread 0x00000000024cd800 Exception <a 'java/security/PrivilegedActionException'> (0x00000000eadad360) thrown at [C:\workspace\8-2-build-windows-amd64-cygwin\jdk8u31\2394\hotspot\src\share\vm\prims\jvm.cpp, line 1312]
Event: 1.177 Thread 0x00000000024cd800 Exception <a 'java/security/PrivilegedActionException'> (0x00000000eadb05d8) thrown at [C:\workspace\8-2-build-windows-amd64-cygwin\jdk8u31\2394\hotspot\src\share\vm\prims\jvm.cpp, line 1312]
Event: 1.178 Thread 0x00000000024cd800 Exception <a 'java/security/PrivilegedActionException'> (0x00000000eadb44d0) thrown at [C:\workspace\8-2-build-windows-amd64-cygwin\jdk8u31\2394\hotspot\src\share\vm\prims\jvm.cpp, line 1312]
Event: 1.179 Thread 0x00000000024cd800 Exception <a 'java/security/PrivilegedActionException'> (0x00000000eadb7530) thrown at [C:\workspace\8-2-build-windows-amd64-cygwin\jdk8u31\2394\hotspot\src\share\vm\prims\jvm.cpp, line 1312]
Event: 1.179 Thread 0x00000000024cd800 Exception <a 'java/security/PrivilegedActionException'> (0x00000000eadba750) thrown at [C:\workspace\8-2-build-windows-amd64-cygwin\jdk8u31\2394\hotspot\src\share\vm\prims\jvm.cpp, line 1312]
Event: 1.180 Thread 0x00000000024cd800 Exception <a 'java/security/PrivilegedActionException'> (0x00000000eadbdda8) thrown at [C:\workspace\8-2-build-windows-amd64-cygwin\jdk8u31\2394\hotspot\src\share\vm\prims\jvm.cpp, line 1312]
Event: 1.182 Thread 0x00000000024cd800 Exception <a 'java/security/PrivilegedActionException'> (0x00000000eadc5148) thrown at [C:\workspace\8-2-build-windows-amd64-cygwin\jdk8u31\2394\hotspot\src\share\vm\prims\jvm.cpp, line 1312]
Event: 1.183 Thread 0x00000000024cd800 Exception <a 'java/security/PrivilegedActionException'> (0x00000000eadc7508) thrown at [C:\workspace\8-2-build-windows-amd64-cygwin\jdk8u31\2394\hotspot\src\share\vm\prims\jvm.cpp, line 1312]

Events (10 events):
Event: 1.461 Executing VM operation: ParallelGCFailedAllocation
Event: 1.469 Executing VM operation: ParallelGCFailedAllocation done
Event: 1.470 Thread 0x00000000024cd800 DEOPT PACKING pc=0x0000000002bf9a99 sp=0x000000000241ec00
Event: 1.470 Thread 0x00000000024cd800 DEOPT UNPACKING pc=0x00000000026675bf sp=0x000000000241e8f0 mode 0
Event: 1.474 Thread 0x00000000024cd800 DEOPT PACKING pc=0x0000000002be64c6 sp=0x000000000241ebb0
Event: 1.474 Thread 0x00000000024cd800 DEOPT UNPACKING pc=0x00000000026675bf sp=0x000000000241e8d0 mode 0
Event: 1.477 Thread 0x00000000024cd800 DEOPT PACKING pc=0x0000000002be64c6 sp=0x000000000241ebb0
Event: 1.477 Thread 0x00000000024cd800 DEOPT UNPACKING pc=0x00000000026675bf sp=0x000000000241e8d0 mode 0
Event: 1.478 Thread 0x00000000024cd800 DEOPT PACKING pc=0x0000000002be64c6 sp=0x000000000241ebb0
Event: 1.478 Thread 0x00000000024cd800 DEOPT UNPACKING pc=0x00000000026675bf sp=0x000000000241e8d0 mode 0


Dynamic libraries:
0x00007ff6d6600000 - 0x00007ff6d6634000 	C:\Program Files\Java\jdk1.8.0_31\bin\java.exe
0x00007ffebc9b0000 - 0x00007ffebcb5c000 	C:\Windows\SYSTEM32\ntdll.dll
0x00007ffebc200000 - 0x00007ffebc33e000 	C:\Windows\system32\KERNEL32.DLL
0x00007ffeb9bd0000 - 0x00007ffeb9ce5000 	C:\Windows\system32\KERNELBASE.dll
0x00007ffeb86b0000 - 0x00007ffeb873e000 	C:\Windows\system32\apphelp.dll
0x00007ffea8310000 - 0x00007ffea8363000 	C:\Windows\AppPatch\AppPatch64\AcGenral.DLL
0x00007ffebc740000 - 0x00007ffebc7ea000 	C:\Windows\system32\msvcrt.dll
0x00007ffeb99a0000 - 0x00007ffeb99ce000 	C:\Windows\SYSTEM32\SspiCli.dll
0x00007ffebc010000 - 0x00007ffebc064000 	C:\Windows\system32\SHLWAPI.dll
0x00007ffeba3d0000 - 0x00007ffeba547000 	C:\Windows\system32\USER32.dll
0x00007ffebbdc0000 - 0x00007ffebbf54000 	C:\Windows\system32\ole32.dll
0x00007ffeba6a0000 - 0x00007ffebbbb8000 	C:\Windows\system32\SHELL32.dll
0x00007ffeb91a0000 - 0x00007ffeb91c1000 	C:\Windows\SYSTEM32\USERENV.dll
0x00007ffebbf60000 - 0x00007ffebc00a000 	C:\Windows\system32\ADVAPI32.dll
0x00007ffea6340000 - 0x00007ffea635e000 	C:\Windows\SYSTEM32\MPR.dll
0x00007ffeba550000 - 0x00007ffeba691000 	C:\Windows\system32\RPCRT4.dll
0x00007ffebc7f0000 - 0x00007ffebc849000 	C:\Windows\SYSTEM32\sechost.dll
0x00007ffeba1b0000 - 0x00007ffeba3c1000 	C:\Windows\SYSTEM32\combase.dll
0x00007ffebbc60000 - 0x00007ffebbdb1000 	C:\Windows\system32\GDI32.dll
0x00007ffeb9b00000 - 0x00007ffeb9b15000 	C:\Windows\SYSTEM32\profapi.dll
0x00007ffeb8070000 - 0x00007ffeb8122000 	C:\Windows\SYSTEM32\SHCORE.dll
0x00007ffeba170000 - 0x00007ffeba1a6000 	C:\Windows\system32\IMM32.DLL
0x00007ffebc850000 - 0x00007ffebc9a2000 	C:\Windows\system32\MSCTF.dll
0x00007ffeb72e0000 - 0x00007ffeb755b000 	C:\Windows\WinSxS\amd64_microsoft.windows.common-controls_6595b64144ccf1df_6.0.9600.17415_none_6240486fecbd8abb\COMCTL32.dll
0x000000005a530000 - 0x000000005a602000 	C:\Program Files\Java\jdk1.8.0_31\jre\bin\msvcr100.dll
0x0000000059cd0000 - 0x000000005a52a000 	C:\Program Files\Java\jdk1.8.0_31\jre\bin\server\jvm.dll
0x00007ffeaf9b0000 - 0x00007ffeaf9b9000 	C:\Windows\SYSTEM32\WSOCK32.dll
0x00007ffeb3ab0000 - 0x00007ffeb3ad2000 	C:\Windows\SYSTEM32\WINMM.dll
0x00007ffebbc50000 - 0x00007ffebbc57000 	C:\Windows\system32\PSAPI.DLL
0x00007ffebc350000 - 0x00007ffebc3aa000 	C:\Windows\system32\WS2_32.dll
0x00007ffeb38d0000 - 0x00007ffeb38fa000 	C:\Windows\SYSTEM32\WINMMBASE.dll
0x00007ffebc340000 - 0x00007ffebc349000 	C:\Windows\system32\NSI.dll
0x00007ffeb9cf0000 - 0x00007ffeb9d3f000 	C:\Windows\SYSTEM32\cfgmgr32.dll
0x00007ffeb8920000 - 0x00007ffeb8948000 	C:\Windows\SYSTEM32\DEVOBJ.dll
0x0000000059cc0000 - 0x0000000059ccf000 	C:\Program Files\Java\jdk1.8.0_31\jre\bin\verify.dll
0x0000000059c90000 - 0x0000000059cb8000 	C:\Program Files\Java\jdk1.8.0_31\jre\bin\java.dll
0x0000000059c70000 - 0x0000000059c86000 	C:\Program Files\Java\jdk1.8.0_31\jre\bin\zip.dll
0x00007ffea7580000 - 0x00007ffea770a000 	C:\Windows\SYSTEM32\dbghelp.dll

VM Arguments:
jvm_args: -Xmx1024M -Dfile.encoding=windows-1252 -Duser.country=US -Duser.language=en -Duser.variant 
java_command: com.android.dx.command.Main --dex --output C:\Users\Dan\Documents\HCIProject\app\build\intermediates\dex\debug C:\Users\Dan\Documents\HCIProject\app\build\intermediates\classes\debug C:\Users\Dan\Documents\HCIProject\app\build\intermediates\pre-dexed\debug\support-annotations-22.0.0-f7b8b04d029c672efcb73d0ffad9fc24f6f0025d.jar C:\Users\Dan\Documents\HCIProject\app\build\intermediates\pre-dexed\debug\internal_impl-22.0.0-f8613144a5957967ee514f6c494c03dacb83778f.jar C:\Users\Dan\Documents\HCIProject\app\build\intermediates\pre-dexed\debug\classes-69676eb0c13a78dae310de1039e25f3b5ea5665d.jar C:\Users\Dan\Documents\HCIProject\app\build\intermediates\pre-dexed\debug\classes-fcd0c9f792d604db4cc696e5e6965ef195acd190.jar
java_class_path (initial): C:\Users\Dan\AppData\Local\Android\sdk\build-tools\21.1.2\lib\dx.jar
Launcher Type: SUN_STANDARD

Environment Variables:
JAVA_HOME=C:\Program Files\Java\jdk1.8.0_31
PATH=C:\ProgramData\Oracle\Java\javapath;C:\Program Files (x86)\Intel\iCLS Client\;C:\Program Files\Intel\iCLS Client\;C:\Windows\system32;C:\Windows;C:\Windows\System32\Wbem;C:\Windows\System32\WindowsPowerShell\v1.0\;C:\Program Files\Intel\Intel(R) Management Engine Components\DAL;C:\Program Files\Intel\Intel(R) Management Engine Components\IPT;C:\Program Files (x86)\Intel\Intel(R) Management Engine Components\DAL;C:\Program Files (x86)\Intel\Intel(R) Management Engine Components\IPT;C:\ProgramData\Lenovo\ReadyApps;c:\altera\91sp2\quartus\bin;C:\Program Files (x86)\Common Files\lenovo\easyplussdk\bin;C:\Program Files\Intel\WiFi\bin\;C:\Program Files\Common Files\Intel\WirelessCommon\;C:\Program Files (x86)\Lenovo\Password Manager\;C:\Program Files (x86)\MATLAB\R2013a Student\bin;C:\Program Files\Intel\WiFi\bin\;C:\Program Files\Common Files\Intel\WirelessCommon\
USERNAME=Dan
OS=Windows_NT
PROCESSOR_IDENTIFIER=Intel64 Family 6 Model 60 Stepping 3, GenuineIntel



---------------  S Y S T E M  ---------------

OS: Windows 8.1 , 64 bit Build 9600 

CPU:total 4 (2 cores per cpu, 2 threads per core) family 6 model 60 stepping 3, cmov, cx8, fxsr, mmx, sse, sse2, sse3, ssse3, sse4.1, sse4.2, popcnt, avx, avx2, aes, clmul, erms, lzcnt, ht, tsc, tscinvbit, bmi1, bmi2

Memory: 4k page, physical 8263208k(998312k free), swap 9311784k(5324k free)

vm_info: Java HotSpot(TM) 64-Bit Server VM (25.31-b07) for windows-amd64 JRE (1.8.0_31-b13), built on Dec 17 2014 21:00:28 by "java_re" with MS VC++ 10.0 (VS2010)

time: Thu Mar 26 23:17:05 2015
elapsed time: 1 seconds (0d 0h 0m 1s)

